#-----------------------------------------------------------
# Vivado v2016.1 (64-bit)
# SW Build 1538259 on Fri Apr  8 15:45:27 MDT 2016
# IP Build 1537824 on Fri Apr  8 04:28:57 MDT 2016
# Start of session at: Tue May 31 16:26:11 2016
# Process ID: 7584
# Current directory: E:/Documents/Calvin Works/Wordclock2
# Command line: vivado.exe -gui_launcher_event rodinguilauncherevent2560 E:\Documents\Calvin Works\Wordclock2\Wordclock2.xpr
# Log file: E:/Documents/Calvin Works/Wordclock2/vivado.log
# Journal file: E:/Documents/Calvin Works/Wordclock2\vivado.jou
#-----------------------------------------------------------
start_gui
open_project {E:/Documents/Calvin Works/Wordclock2/Wordclock2.xpr}
Scanning sources...
Finished scanning sources
INFO: [IP_Flow 19-234] Refreshing IP repositories
INFO: [IP_Flow 19-1704] No user IP repositories specified
INFO: [IP_Flow 19-2313] Loaded Vivado IP repository 'E:/Xilinx/Vivado/2016.1/data/ip'.
open_project: Time (s): cpu = 00:00:12 ; elapsed = 00:00:06 . Memory (MB): peak = 769.758 ; gain = 109.789
update_compile_order -fileset sources_1
update_compile_order -fileset sources_1
reset_run synth_1
launch_runs synth_1
INFO: [HDL 9-2216] Analyzing Verilog file "E:/Documents/Calvin Works/Wordclock2/Wordclock2.srcs/sources_1/imports/Wordclock/digits.v" into library work [E:/Documents/Calvin Works/Wordclock2/Wordclock2.srcs/sources_1/imports/Wordclock/digits.v:1]
[Tue May 31 16:54:05 2016] Launched synth_1...
Run output will be captured here: E:/Documents/Calvin Works/Wordclock2/Wordclock2.runs/synth_1/runme.log
reset_run synth_1
launch_runs synth_1
INFO: [HDL 9-2216] Analyzing Verilog file "E:/Documents/Calvin Works/Wordclock2/Wordclock2.srcs/sources_1/imports/Wordclock/digits.v" into library work [E:/Documents/Calvin Works/Wordclock2/Wordclock2.srcs/sources_1/imports/Wordclock/digits.v:1]
[Tue May 31 17:04:02 2016] Launched synth_1...
Run output will be captured here: E:/Documents/Calvin Works/Wordclock2/Wordclock2.runs/synth_1/runme.log
reset_run synth_1
launch_runs synth_1
INFO: [HDL 9-2216] Analyzing Verilog file "E:/Documents/Calvin Works/Wordclock2/Wordclock2.srcs/sources_1/imports/Wordclock/digits.v" into library work [E:/Documents/Calvin Works/Wordclock2/Wordclock2.srcs/sources_1/imports/Wordclock/digits.v:1]
[Tue May 31 17:05:10 2016] Launched synth_1...
Run output will be captured here: E:/Documents/Calvin Works/Wordclock2/Wordclock2.runs/synth_1/runme.log
reset_run synth_1
launch_runs synth_1
INFO: [HDL 9-2216] Analyzing Verilog file "E:/Documents/Calvin Works/Wordclock2/Wordclock2.srcs/sources_1/imports/Wordclock/clock.v" into library work [E:/Documents/Calvin Works/Wordclock2/Wordclock2.srcs/sources_1/imports/Wordclock/clock.v:1]
[Tue May 31 17:09:18 2016] Launched synth_1...
Run output will be captured here: E:/Documents/Calvin Works/Wordclock2/Wordclock2.runs/synth_1/runme.log
launch_runs impl_1 -to_step write_bitstream
[Tue May 31 17:10:52 2016] Launched impl_1...
Run output will be captured here: E:/Documents/Calvin Works/Wordclock2/Wordclock2.runs/impl_1/runme.log
open_hw
connect_hw_server
INFO: [Labtools 27-2285] Connecting to hw_server url TCP:localhost:3121
INFO: [Labtools 27-2222] Launching hw_server...
INFO: [Labtools 27-2221] Launch Output:

****** Xilinx hw_server v2016.1
  **** Build date : Apr  8 2016-16:12:32
    ** Copyright 1986-2016 Xilinx, Inc. All Rights Reserved.


open_hw_target
INFO: [Labtoolstcl 44-466] Opening hw_target localhost:3121/xilinx_tcf/Digilent/210183740609A
set_property PROGRAM.FILE {E:/Documents/Calvin Works/Wordclock2/Wordclock2.runs/impl_1/clock.bit} [lindex [get_hw_devices] 0]
current_hw_device [lindex [get_hw_devices] 0]
refresh_hw_device -update_hw_probes false [lindex [get_hw_devices] 0]
INFO: [Labtools 27-1434] Device xc7a35t (JTAG device index = 0) is programmed with a design that has no supported debug core(s) in it.
WARNING: [Labtools 27-3123] The debug hub core was not detected at User Scan Chain 1 or 3.
Resolution: 
1. Make sure the clock connected to the debug hub (dbg_hub) core is a free running clock and is active OR
2. Manually launch hw_server with -e "set xsdb-user-bscan <C_USER_SCAN_CHAIN scan_chain_number>" to detect the debug hub at User Scan Chain of 2 or 4. To determine the user scan chain setting, open the implemented design and use: get_property C_USER_SCAN_CHAIN [get_debug_cores dbg_hub].
set_property PROBES.FILE {} [lindex [get_hw_devices] 0]
set_property PROGRAM.FILE {E:/Documents/Calvin Works/Wordclock2/Wordclock2.runs/impl_1/clock.bit} [lindex [get_hw_devices] 0]
program_hw_devices [lindex [get_hw_devices] 0]
INFO: [Labtools 27-3164] End of startup status: HIGH
refresh_hw_device [lindex [get_hw_devices] 0]
INFO: [Labtools 27-1434] Device xc7a35t (JTAG device index = 0) is programmed with a design that has no supported debug core(s) in it.
WARNING: [Labtools 27-3123] The debug hub core was not detected at User Scan Chain 1 or 3.
Resolution: 
1. Make sure the clock connected to the debug hub (dbg_hub) core is a free running clock and is active OR
2. Manually launch hw_server with -e "set xsdb-user-bscan <C_USER_SCAN_CHAIN scan_chain_number>" to detect the debug hub at User Scan Chain of 2 or 4. To determine the user scan chain setting, open the implemented design and use: get_property C_USER_SCAN_CHAIN [get_debug_cores dbg_hub].
reset_run synth_1
launch_runs impl_1 -to_step write_bitstream
[Tue May 31 17:20:29 2016] Launched synth_1...
Run output will be captured here: E:/Documents/Calvin Works/Wordclock2/Wordclock2.runs/synth_1/runme.log
[Tue May 31 17:20:29 2016] Launched impl_1...
Run output will be captured here: E:/Documents/Calvin Works/Wordclock2/Wordclock2.runs/impl_1/runme.log
set_property PROBES.FILE {} [lindex [get_hw_devices] 0]
set_property PROGRAM.FILE {E:/Documents/Calvin Works/Wordclock2/Wordclock2.runs/impl_1/clock.bit} [lindex [get_hw_devices] 0]
program_hw_devices [lindex [get_hw_devices] 0]
INFO: [Labtools 27-3164] End of startup status: HIGH
refresh_hw_device [lindex [get_hw_devices] 0]
INFO: [Labtools 27-1434] Device xc7a35t (JTAG device index = 0) is programmed with a design that has no supported debug core(s) in it.
WARNING: [Labtools 27-3123] The debug hub core was not detected at User Scan Chain 1 or 3.
Resolution: 
1. Make sure the clock connected to the debug hub (dbg_hub) core is a free running clock and is active OR
2. Manually launch hw_server with -e "set xsdb-user-bscan <C_USER_SCAN_CHAIN scan_chain_number>" to detect the debug hub at User Scan Chain of 2 or 4. To determine the user scan chain setting, open the implemented design and use: get_property C_USER_SCAN_CHAIN [get_debug_cores dbg_hub].
reset_run synth_1
launch_runs impl_1 -to_step write_bitstream
[Tue May 31 17:28:23 2016] Launched synth_1...
Run output will be captured here: E:/Documents/Calvin Works/Wordclock2/Wordclock2.runs/synth_1/runme.log
[Tue May 31 17:28:23 2016] Launched impl_1...
Run output will be captured here: E:/Documents/Calvin Works/Wordclock2/Wordclock2.runs/impl_1/runme.log
set_property PROBES.FILE {} [lindex [get_hw_devices] 0]
set_property PROGRAM.FILE {E:/Documents/Calvin Works/Wordclock2/Wordclock2.runs/impl_1/clock.bit} [lindex [get_hw_devices] 0]
program_hw_devices [lindex [get_hw_devices] 0]
INFO: [Labtools 27-3164] End of startup status: HIGH
refresh_hw_device [lindex [get_hw_devices] 0]
INFO: [Labtools 27-1434] Device xc7a35t (JTAG device index = 0) is programmed with a design that has no supported debug core(s) in it.
WARNING: [Labtools 27-3123] The debug hub core was not detected at User Scan Chain 1 or 3.
Resolution: 
1. Make sure the clock connected to the debug hub (dbg_hub) core is a free running clock and is active OR
2. Manually launch hw_server with -e "set xsdb-user-bscan <C_USER_SCAN_CHAIN scan_chain_number>" to detect the debug hub at User Scan Chain of 2 or 4. To determine the user scan chain setting, open the implemented design and use: get_property C_USER_SCAN_CHAIN [get_debug_cores dbg_hub].
reset_run synth_1
launch_runs impl_1 -to_step write_bitstream
[Tue May 31 17:33:44 2016] Launched synth_1...
Run output will be captured here: E:/Documents/Calvin Works/Wordclock2/Wordclock2.runs/synth_1/runme.log
[Tue May 31 17:33:44 2016] Launched impl_1...
Run output will be captured here: E:/Documents/Calvin Works/Wordclock2/Wordclock2.runs/impl_1/runme.log
set_property PROBES.FILE {} [lindex [get_hw_devices] 0]
set_property PROGRAM.FILE {E:/Documents/Calvin Works/Wordclock2/Wordclock2.runs/impl_1/clock.bit} [lindex [get_hw_devices] 0]
program_hw_devices [lindex [get_hw_devices] 0]
INFO: [Labtools 27-3164] End of startup status: HIGH
refresh_hw_device [lindex [get_hw_devices] 0]
INFO: [Labtools 27-1434] Device xc7a35t (JTAG device index = 0) is programmed with a design that has no supported debug core(s) in it.
WARNING: [Labtools 27-3123] The debug hub core was not detected at User Scan Chain 1 or 3.
Resolution: 
1. Make sure the clock connected to the debug hub (dbg_hub) core is a free running clock and is active OR
2. Manually launch hw_server with -e "set xsdb-user-bscan <C_USER_SCAN_CHAIN scan_chain_number>" to detect the debug hub at User Scan Chain of 2 or 4. To determine the user scan chain setting, open the implemented design and use: get_property C_USER_SCAN_CHAIN [get_debug_cores dbg_hub].
reset_run synth_1
launch_runs impl_1 -to_step write_bitstream
[Tue May 31 17:42:31 2016] Launched synth_1...
Run output will be captured here: E:/Documents/Calvin Works/Wordclock2/Wordclock2.runs/synth_1/runme.log
[Tue May 31 17:42:31 2016] Launched impl_1...
Run output will be captured here: E:/Documents/Calvin Works/Wordclock2/Wordclock2.runs/impl_1/runme.log
reset_run synth_1
launch_runs impl_1 -to_step write_bitstream
[Tue May 31 17:45:25 2016] Launched synth_1...
Run output will be captured here: E:/Documents/Calvin Works/Wordclock2/Wordclock2.runs/synth_1/runme.log
[Tue May 31 17:45:25 2016] Launched impl_1...
Run output will be captured here: E:/Documents/Calvin Works/Wordclock2/Wordclock2.runs/impl_1/runme.log
reset_run synth_1
launch_runs impl_1 -to_step write_bitstream
[Tue May 31 17:50:59 2016] Launched synth_1...
Run output will be captured here: E:/Documents/Calvin Works/Wordclock2/Wordclock2.runs/synth_1/runme.log
[Tue May 31 17:50:59 2016] Launched impl_1...
Run output will be captured here: E:/Documents/Calvin Works/Wordclock2/Wordclock2.runs/impl_1/runme.log
reset_run synth_1
launch_runs impl_1 -to_step write_bitstream
[Tue May 31 17:52:58 2016] Launched synth_1...
Run output will be captured here: E:/Documents/Calvin Works/Wordclock2/Wordclock2.runs/synth_1/runme.log
[Tue May 31 17:52:58 2016] Launched impl_1...
Run output will be captured here: E:/Documents/Calvin Works/Wordclock2/Wordclock2.runs/impl_1/runme.log
set_property PROBES.FILE {} [lindex [get_hw_devices] 0]
set_property PROGRAM.FILE {E:/Documents/Calvin Works/Wordclock2/Wordclock2.runs/impl_1/clock.bit} [lindex [get_hw_devices] 0]
program_hw_devices [lindex [get_hw_devices] 0]
INFO: [Labtools 27-3164] End of startup status: HIGH
refresh_hw_device [lindex [get_hw_devices] 0]
INFO: [Labtools 27-1434] Device xc7a35t (JTAG device index = 0) is programmed with a design that has no supported debug core(s) in it.
WARNING: [Labtools 27-3123] The debug hub core was not detected at User Scan Chain 1 or 3.
Resolution: 
1. Make sure the clock connected to the debug hub (dbg_hub) core is a free running clock and is active OR
2. Manually launch hw_server with -e "set xsdb-user-bscan <C_USER_SCAN_CHAIN scan_chain_number>" to detect the debug hub at User Scan Chain of 2 or 4. To determine the user scan chain setting, open the implemented design and use: get_property C_USER_SCAN_CHAIN [get_debug_cores dbg_hub].
reset_run synth_1
launch_runs impl_1 -to_step write_bitstream
[Tue May 31 17:57:55 2016] Launched synth_1...
Run output will be captured here: E:/Documents/Calvin Works/Wordclock2/Wordclock2.runs/synth_1/runme.log
[Tue May 31 17:57:55 2016] Launched impl_1...
Run output will be captured here: E:/Documents/Calvin Works/Wordclock2/Wordclock2.runs/impl_1/runme.log
set_property PROBES.FILE {} [lindex [get_hw_devices] 0]
set_property PROGRAM.FILE {E:/Documents/Calvin Works/Wordclock2/Wordclock2.runs/impl_1/clock.bit} [lindex [get_hw_devices] 0]
program_hw_devices [lindex [get_hw_devices] 0]
INFO: [Labtools 27-3164] End of startup status: HIGH
refresh_hw_device [lindex [get_hw_devices] 0]
INFO: [Labtools 27-1434] Device xc7a35t (JTAG device index = 0) is programmed with a design that has no supported debug core(s) in it.
WARNING: [Labtools 27-3123] The debug hub core was not detected at User Scan Chain 1 or 3.
Resolution: 
1. Make sure the clock connected to the debug hub (dbg_hub) core is a free running clock and is active OR
2. Manually launch hw_server with -e "set xsdb-user-bscan <C_USER_SCAN_CHAIN scan_chain_number>" to detect the debug hub at User Scan Chain of 2 or 4. To determine the user scan chain setting, open the implemented design and use: get_property C_USER_SCAN_CHAIN [get_debug_cores dbg_hub].
reset_run synth_1
launch_runs impl_1 -to_step write_bitstream
[Tue May 31 18:16:16 2016] Launched synth_1...
Run output will be captured here: E:/Documents/Calvin Works/Wordclock2/Wordclock2.runs/synth_1/runme.log
[Tue May 31 18:16:16 2016] Launched impl_1...
Run output will be captured here: E:/Documents/Calvin Works/Wordclock2/Wordclock2.runs/impl_1/runme.log
set_property PROBES.FILE {} [lindex [get_hw_devices] 0]
set_property PROGRAM.FILE {E:/Documents/Calvin Works/Wordclock2/Wordclock2.runs/impl_1/clock.bit} [lindex [get_hw_devices] 0]
program_hw_devices [lindex [get_hw_devices] 0]
INFO: [Labtools 27-3164] End of startup status: HIGH
refresh_hw_device [lindex [get_hw_devices] 0]
INFO: [Labtools 27-1434] Device xc7a35t (JTAG device index = 0) is programmed with a design that has no supported debug core(s) in it.
WARNING: [Labtools 27-3123] The debug hub core was not detected at User Scan Chain 1 or 3.
Resolution: 
1. Make sure the clock connected to the debug hub (dbg_hub) core is a free running clock and is active OR
2. Manually launch hw_server with -e "set xsdb-user-bscan <C_USER_SCAN_CHAIN scan_chain_number>" to detect the debug hub at User Scan Chain of 2 or 4. To determine the user scan chain setting, open the implemented design and use: get_property C_USER_SCAN_CHAIN [get_debug_cores dbg_hub].
reset_run synth_1
launch_runs impl_1 -to_step write_bitstream
[Tue May 31 18:21:58 2016] Launched synth_1...
Run output will be captured here: E:/Documents/Calvin Works/Wordclock2/Wordclock2.runs/synth_1/runme.log
[Tue May 31 18:21:58 2016] Launched impl_1...
Run output will be captured here: E:/Documents/Calvin Works/Wordclock2/Wordclock2.runs/impl_1/runme.log
set_property PROBES.FILE {} [lindex [get_hw_devices] 0]
set_property PROGRAM.FILE {E:/Documents/Calvin Works/Wordclock2/Wordclock2.runs/impl_1/clock.bit} [lindex [get_hw_devices] 0]
program_hw_devices [lindex [get_hw_devices] 0]
INFO: [Labtools 27-3164] End of startup status: HIGH
refresh_hw_device [lindex [get_hw_devices] 0]
INFO: [Labtools 27-1434] Device xc7a35t (JTAG device index = 0) is programmed with a design that has no supported debug core(s) in it.
WARNING: [Labtools 27-3123] The debug hub core was not detected at User Scan Chain 1 or 3.
Resolution: 
1. Make sure the clock connected to the debug hub (dbg_hub) core is a free running clock and is active OR
2. Manually launch hw_server with -e "set xsdb-user-bscan <C_USER_SCAN_CHAIN scan_chain_number>" to detect the debug hub at User Scan Chain of 2 or 4. To determine the user scan chain setting, open the implemented design and use: get_property C_USER_SCAN_CHAIN [get_debug_cores dbg_hub].
reset_run synth_1
launch_runs impl_1 -to_step write_bitstream
[Tue May 31 18:28:21 2016] Launched synth_1...
Run output will be captured here: E:/Documents/Calvin Works/Wordclock2/Wordclock2.runs/synth_1/runme.log
[Tue May 31 18:28:21 2016] Launched impl_1...
Run output will be captured here: E:/Documents/Calvin Works/Wordclock2/Wordclock2.runs/impl_1/runme.log
set_property PROBES.FILE {} [lindex [get_hw_devices] 0]
set_property PROGRAM.FILE {E:/Documents/Calvin Works/Wordclock2/Wordclock2.runs/impl_1/clock.bit} [lindex [get_hw_devices] 0]
program_hw_devices [lindex [get_hw_devices] 0]
INFO: [Labtools 27-3164] End of startup status: HIGH
refresh_hw_device [lindex [get_hw_devices] 0]
INFO: [Labtools 27-1434] Device xc7a35t (JTAG device index = 0) is programmed with a design that has no supported debug core(s) in it.
WARNING: [Labtools 27-3123] The debug hub core was not detected at User Scan Chain 1 or 3.
Resolution: 
1. Make sure the clock connected to the debug hub (dbg_hub) core is a free running clock and is active OR
2. Manually launch hw_server with -e "set xsdb-user-bscan <C_USER_SCAN_CHAIN scan_chain_number>" to detect the debug hub at User Scan Chain of 2 or 4. To determine the user scan chain setting, open the implemented design and use: get_property C_USER_SCAN_CHAIN [get_debug_cores dbg_hub].
reset_run synth_1
launch_runs impl_1 -to_step write_bitstream
[Tue May 31 18:40:57 2016] Launched synth_1...
Run output will be captured here: E:/Documents/Calvin Works/Wordclock2/Wordclock2.runs/synth_1/runme.log
[Tue May 31 18:40:57 2016] Launched impl_1...
Run output will be captured here: E:/Documents/Calvin Works/Wordclock2/Wordclock2.runs/impl_1/runme.log
set_property PROBES.FILE {} [lindex [get_hw_devices] 0]
set_property PROGRAM.FILE {E:/Documents/Calvin Works/Wordclock2/Wordclock2.runs/impl_1/clock.bit} [lindex [get_hw_devices] 0]
program_hw_devices [lindex [get_hw_devices] 0]
INFO: [Labtools 27-3164] End of startup status: HIGH
refresh_hw_device [lindex [get_hw_devices] 0]
INFO: [Labtools 27-1434] Device xc7a35t (JTAG device index = 0) is programmed with a design that has no supported debug core(s) in it.
WARNING: [Labtools 27-3123] The debug hub core was not detected at User Scan Chain 1 or 3.
Resolution: 
1. Make sure the clock connected to the debug hub (dbg_hub) core is a free running clock and is active OR
2. Manually launch hw_server with -e "set xsdb-user-bscan <C_USER_SCAN_CHAIN scan_chain_number>" to detect the debug hub at User Scan Chain of 2 or 4. To determine the user scan chain setting, open the implemented design and use: get_property C_USER_SCAN_CHAIN [get_debug_cores dbg_hub].
reset_run synth_1
launch_runs impl_1 -to_step write_bitstream
[Tue May 31 19:08:27 2016] Launched synth_1...
Run output will be captured here: E:/Documents/Calvin Works/Wordclock2/Wordclock2.runs/synth_1/runme.log
[Tue May 31 19:08:27 2016] Launched impl_1...
Run output will be captured here: E:/Documents/Calvin Works/Wordclock2/Wordclock2.runs/impl_1/runme.log
set_property PROBES.FILE {} [lindex [get_hw_devices] 0]
set_property PROGRAM.FILE {E:/Documents/Calvin Works/Wordclock2/Wordclock2.runs/impl_1/clock.bit} [lindex [get_hw_devices] 0]
program_hw_devices [lindex [get_hw_devices] 0]
INFO: [Labtools 27-3164] End of startup status: HIGH
refresh_hw_device [lindex [get_hw_devices] 0]
INFO: [Labtools 27-1434] Device xc7a35t (JTAG device index = 0) is programmed with a design that has no supported debug core(s) in it.
WARNING: [Labtools 27-3123] The debug hub core was not detected at User Scan Chain 1 or 3.
Resolution: 
1. Make sure the clock connected to the debug hub (dbg_hub) core is a free running clock and is active OR
2. Manually launch hw_server with -e "set xsdb-user-bscan <C_USER_SCAN_CHAIN scan_chain_number>" to detect the debug hub at User Scan Chain of 2 or 4. To determine the user scan chain setting, open the implemented design and use: get_property C_USER_SCAN_CHAIN [get_debug_cores dbg_hub].
reset_run synth_1
launch_runs impl_1 -to_step write_bitstream
[Tue May 31 19:19:51 2016] Launched synth_1...
Run output will be captured here: E:/Documents/Calvin Works/Wordclock2/Wordclock2.runs/synth_1/runme.log
[Tue May 31 19:19:51 2016] Launched impl_1...
Run output will be captured here: E:/Documents/Calvin Works/Wordclock2/Wordclock2.runs/impl_1/runme.log
set_property PROBES.FILE {} [lindex [get_hw_devices] 0]
set_property PROGRAM.FILE {E:/Documents/Calvin Works/Wordclock2/Wordclock2.runs/impl_1/clock.bit} [lindex [get_hw_devices] 0]
program_hw_devices [lindex [get_hw_devices] 0]
INFO: [Labtools 27-3164] End of startup status: HIGH
refresh_hw_device [lindex [get_hw_devices] 0]
INFO: [Labtools 27-1434] Device xc7a35t (JTAG device index = 0) is programmed with a design that has no supported debug core(s) in it.
WARNING: [Labtools 27-3123] The debug hub core was not detected at User Scan Chain 1 or 3.
Resolution: 
1. Make sure the clock connected to the debug hub (dbg_hub) core is a free running clock and is active OR
2. Manually launch hw_server with -e "set xsdb-user-bscan <C_USER_SCAN_CHAIN scan_chain_number>" to detect the debug hub at User Scan Chain of 2 or 4. To determine the user scan chain setting, open the implemented design and use: get_property C_USER_SCAN_CHAIN [get_debug_cores dbg_hub].
ERROR: [Labtoolstcl 44-513] HW Target shutdown. Closing target: localhost:3121/xilinx_tcf/Digilent/210183740609A
exit
INFO: [Common 17-206] Exiting Vivado at Tue May 31 19:47:33 2016...
