Copyright 1986-2016 Xilinx, Inc. All Rights Reserved.
-----------------------------------------------------------------------------------------
| Tool Version      : Vivado v.2016.1 (win64) Build 1538259 Fri Apr  8 15:45:27 MDT 2016
| Date              : Thu Jun 02 18:10:03 2016
| Host              : Calvin-PC running 64-bit major release  (build 9200)
| Command           : report_clock_utilization -file clock_clock_utilization_routed.rpt
| Design            : clock
| Device            : 7a35t-cpg236
| Speed File        : -1  PRODUCTION 1.14 2014-09-11
| Temperature Grade : C
-----------------------------------------------------------------------------------------

Clock Utilization Report

Table of Contents
-----------------
1. Clock Primitive Utilization
2. Global Clock Resources
3. Global Clock Source Details
4. Local Clock Details
5. Clock Regions: Key Resource Utilization
6. Clock Regions : Global Clock Summary
7. Cell Type Counts per Global Clock: Region X0Y0
8. Cell Type Counts per Global Clock: Region X1Y0
9. Load Cell Placement Summary for Global Clock g0
10. Load Cell Placement Summary for Global Clock g1
11. Load Cell Placement Summary for Global Clock g2
12. Load Cell Placement Summary for Global Clock g3

1. Clock Primitive Utilization
------------------------------

+----------+------+-----------+-----+--------------+--------+
| Type     | Used | Available | LOC | Clock Region | Pblock |
+----------+------+-----------+-----+--------------+--------+
| BUFGCTRL |    4 |        32 |   0 |            0 |      0 |
| BUFH     |    0 |        72 |   0 |            0 |      0 |
| BUFIO    |    0 |        20 |   0 |            0 |      0 |
| BUFMR    |    0 |        10 |   0 |            0 |      0 |
| BUFR     |    0 |        20 |   0 |            0 |      0 |
| MMCM     |    0 |         5 |   0 |            0 |      0 |
| PLL      |    0 |         5 |   0 |            0 |      0 |
+----------+------+-----------+-----+--------------+--------+


2. Global Clock Resources
-------------------------

+-------+-------+-----------------+------------+---------------+--------------+------+-------------------+---------------+-------------+-----------------+--------------+-------------+--------------------------+-------------------+
| GlbID | SrcId | Driver Type/Pin | Constraint | Site          | Clock Region | Root | Clock Delay Group | Clock Regions | Clock Loads | Non-Clock Loads | Clock Period | Clock       | Driver Pin               | Net               |
+-------+-------+-----------------+------------+---------------+--------------+------+-------------------+---------------+-------------+-----------------+--------------+-------------+--------------------------+-------------------+
| g0    | src0  | BUFG/O          | None       | BUFGCTRL_X0Y1 | n/a          | n/a  | n/a               |             2 |           0 |             238 |       10.000 | sys_clk_pin | clk_IBUF_BUFG_inst/O     | clk_IBUF_BUFG     |
| g1    | src1  | BUFG/O          | None       | BUFGCTRL_X0Y2 | n/a          | n/a  | n/a               |             2 |           0 |              64 |          n/a | n/a         | digit_refclk_BUFG_inst/O | digit_refclk_BUFG |
| g2    | src2  | BUFG/O          | None       | BUFGCTRL_X0Y0 | n/a          | n/a  | n/a               |             2 |           0 |             284 |          n/a | n/a         | ms_clk_BUFG_inst/O       | ms_clk_BUFG       |
| g3    | src3  | BUFG/O          | None       | BUFGCTRL_X0Y3 | n/a          | n/a  | n/a               |             2 |           0 |              40 |          n/a | n/a         | seconds_clk_BUFG_inst/O  | seconds_clk_BUFG  |
+-------+-------+-----------------+------------+---------------+--------------+------+-------------------+---------------+-------------+-----------------+--------------+-------------+--------------------------+-------------------+
* Note: Multiple constraint types applied to the driver. Please check for potential conflicts.


3. Global Clock Source Details
------------------------------

+-------+--------+-----------------+------------+--------------+--------------+-------------+-----------------+---------------------+--------------+------------------------+-----------------------+
| SrcID | GlbIDs | Driver Type/Pin | Constraint | Site         | Clock Region | Clock Loads | Non-Clock Loads | Source Clock Period | Source Clock | Driver Pin             | Net                   |
+-------+--------+-----------------+------------+--------------+--------------+-------------+-----------------+---------------------+--------------+------------------------+-----------------------+
| src0  | g0     | IBUF/O          | IOB_X1Y26  | IOB_X1Y26    | X1Y0         |           1 |               0 |              10.000 | sys_clk_pin  | clk_IBUF_inst/O        | clk_IBUF              |
| src1  | g1     | FDRE/Q          | None       | SLICE_X34Y46 | X0Y0         |           1 |               0 |                     |              | refTimer/freq_reg/Q    | refTimer/digit_refclk |
| src2  | g2     | FDCE/Q          | None       | SLICE_X42Y46 | X1Y0         |           1 |               0 |                     |              | msTimer/freq_reg/Q     | msTimer/ms_clk        |
| src3  | g3     | FDCE/Q          | None       | SLICE_X46Y40 | X1Y0         |           1 |               0 |                     |              | secTimer/clk_div_reg/Q | secTimer/seconds_clk  |
+-------+--------+-----------------+------------+--------------+--------------+-------------+-----------------+---------------------+--------------+------------------------+-----------------------+


4. Local Clock Details
----------------------

+-------+-----------------+------------+----------+--------------+-------------+-----------------+--------------+-------+------------+-----+
| LocId | Driver Type/Pin | Constraint | Site/BEL | Clock Region | Clock Loads | Non-Clock Loads | Clock Period | Clock | Driver Pin | Net |
+-------+-----------------+------------+----------+--------------+-------------+-----------------+--------------+-------+------------+-----+


5. Clock Regions: Key Resource Utilization
------------------------------------------

+-------------------+--------------+--------------+--------------+--------------+--------------+--------------+--------------+--------------+--------------+--------------+--------------+--------------+--------------+--------------+--------------+
|                   | Global Clock |     BUFRs    |    BUFMRs    |    BUFIOs    |     MMCM     |      PLL     |      GT      |      PCI     |    ILOGIC    |    OLOGIC    |      FF      |     LUTM     |    RAMB18    |    RAMB36    |    DSP48E2   |
+-------------------+------+-------+------+-------+------+-------+------+-------+------+-------+------+-------+------+-------+------+-------+------+-------+------+-------+------+-------+------+-------+------+-------+------+-------+------+-------+
| Clock Region Name | Used | Avail | Used | Avail | Used | Avail | Used | Avail | Used | Avail | Used | Avail | Used | Avail | Used | Avail | Used | Avail | Used | Avail | Used | Avail | Used | Avail | Used | Avail | Used | Avail | Used | Avail |
+-------------------+------+-------+------+-------+------+-------+------+-------+------+-------+------+-------+------+-------+------+-------+------+-------+------+-------+------+-------+------+-------+------+-------+------+-------+------+-------+
| X0Y0              |    4 |    12 |    0 |     4 |    0 |     2 |    0 |     4 |    0 |     1 |    0 |     1 |    0 |     0 |    0 |     0 |    0 |    50 |    0 |    50 |  264 |  9600 |   54 |  1600 |    0 |     0 |    0 |    10 |    0 |    20 |
| X1Y0              |    4 |    12 |    0 |     4 |    0 |     2 |    0 |     4 |    0 |     1 |    0 |     1 |    0 |     0 |    0 |     0 |    0 |    50 |    0 |    50 |  362 | 12000 |  100 |  1800 |    0 |     0 |    0 |    20 |    0 |    20 |
| X0Y1              |    0 |    12 |    0 |     4 |    0 |     2 |    0 |     4 |    0 |     1 |    0 |     1 |    0 |     0 |    0 |     0 |    0 |    50 |    0 |    50 |    0 |  9600 |    0 |  1600 |    0 |     0 |    0 |    10 |    0 |    20 |
| X1Y1              |    0 |    12 |    0 |     4 |    0 |     2 |    0 |     4 |    0 |     1 |    0 |     1 |    0 |     0 |    0 |     0 |    0 |    50 |    0 |    50 |    0 | 12000 |    0 |  1800 |    0 |     0 |    0 |    20 |    0 |    20 |
| X0Y2              |    0 |    12 |    0 |     4 |    0 |     2 |    0 |     4 |    0 |     1 |    0 |     1 |    0 |     0 |    0 |     0 |    0 |    50 |    0 |    50 |    0 | 14400 |    0 |  1600 |    0 |     0 |    0 |    10 |    0 |    20 |
| X1Y2              |    0 |    12 |    0 |     0 |    0 |     0 |    0 |     0 |    0 |     0 |    0 |     0 |    0 |     5 |    0 |     0 |    0 |     0 |    0 |     0 |    0 |  7600 |    0 |  1200 |    0 |     0 |    0 |     5 |    0 |    20 |
+-------------------+------+-------+------+-------+------+-------+------+-------+------+-------+------+-------+------+-------+------+-------+------+-------+------+-------+------+-------+------+-------+------+-------+------+-------+------+-------+
* Used Global Clocks includes only global clock resources based on load placement but does not consider global clock resources used to traverse a clock region. Therefore the actual total of Used Global Clocks may be higher.
** RAMB36 site can be used as two RAMB18/FIFO18 sites.


6. Clock Regions : Global Clock Summary
---------------------------------------

+----+----+----+
|    | X0 | X1 |
+----+----+----+
| Y2 |  0 |  0 |
| Y1 |  0 |  0 |
| Y0 |  4 |  4 |
+----+----+----+
* Used Global Clocks includes only global clock resources based on load placement but does not consider global clock resources used to traverse a clock region. Therefore the actual total of Used Global Clocks may be higher.


7. Cell Type Counts per Global Clock: Region X0Y0
-------------------------------------------------

+-------+-------+-----------------+------------+-------------+-----------------+-----+--------+------+-----+----+------+-----+---------+-------------------+
| GlbID | Track | Driver Type/Pin | Constraint | Clock Loads | Non-Clock Loads | FF  | LUTRAM | RAMB | DSP | GT | MMCM | PLL | Hard IP | Net               |
+-------+-------+-----------------+------------+-------------+-----------------+-----+--------+------+-----+----+------+-----+---------+-------------------+
| g0    | n/a   | BUFG/O          | None       |           0 |              85 |  85 |     15 |    0 |   0 |  0 |    0 |   0 |       0 | clk_IBUF_BUFG     |
| g1    | n/a   | BUFG/O          | None       |           0 |              14 |  14 |      5 |    0 |   0 |  0 |    0 |   0 |       0 | digit_refclk_BUFG |
| g2    | n/a   | BUFG/O          | None       |           0 |             159 | 159 |     31 |    0 |   0 |  0 |    0 |   0 |       0 | ms_clk_BUFG       |
| g3    | n/a   | BUFG/O          | None       |           0 |               6 |   6 |      3 |    0 |   0 |  0 |    0 |   0 |       0 | seconds_clk_BUFG  |
+-------+-------+-----------------+------------+-------------+-----------------+-----+--------+------+-----+----+------+-----+---------+-------------------+


8. Cell Type Counts per Global Clock: Region X1Y0
-------------------------------------------------

+-------+-------+-----------------+------------+-------------+-----------------+-----+--------+------+-----+----+------+-----+---------+-------------------+
| GlbID | Track | Driver Type/Pin | Constraint | Clock Loads | Non-Clock Loads | FF  | LUTRAM | RAMB | DSP | GT | MMCM | PLL | Hard IP | Net               |
+-------+-------+-----------------+------------+-------------+-----------------+-----+--------+------+-----+----+------+-----+---------+-------------------+
| g0    | n/a   | BUFG/O          | None       |           0 |             153 | 153 |     32 |    0 |   0 |  0 |    0 |   0 |       0 | clk_IBUF_BUFG     |
| g1    | n/a   | BUFG/O          | None       |           0 |              50 |  50 |     28 |    0 |   0 |  0 |    0 |   0 |       0 | digit_refclk_BUFG |
| g2    | n/a   | BUFG/O          | None       |           0 |             125 | 125 |     33 |    0 |   0 |  0 |    0 |   0 |       0 | ms_clk_BUFG       |
| g3    | n/a   | BUFG/O          | None       |           0 |              34 |  34 |      7 |    0 |   0 |  0 |    0 |   0 |       0 | seconds_clk_BUFG  |
+-------+-------+-----------------+------------+-------------+-----------------+-----+--------+------+-----+----+------+-----+---------+-------------------+


9. Load Cell Placement Summary for Global Clock g0
--------------------------------------------------

+-------+-----------------+-------------------+-------------+-------------+---------------+----------+-------------+----------+-------------+----+---------------+
| GlbID | Driver Type/Pin | Driver Region (D) | Clock       | Period (ns) | Waveform (ns) | Root (R) | Slice Loads | IO Loads | Clock Loads | GT | Net           |
+-------+-----------------+-------------------+-------------+-------------+---------------+----------+-------------+----------+-------------+----+---------------+
| g0    | BUFG/O          | n/a               | sys_clk_pin |      10.000 | {0.000 5.000} |          |         238 |        0 |           0 |  0 | clk_IBUF_BUFG |
+-------+-----------------+-------------------+-------------+-------------+---------------+----------+-------------+----------+-------------+----+---------------+


+----+-----+------+
|    | X0  | X1   |
+----+-----+------+
| Y2 |   0 |    0 |
| Y1 |   0 |    0 |
| Y0 |  85 |  153 |
+----+-----+------+


10. Load Cell Placement Summary for Global Clock g1
---------------------------------------------------

+-------+-----------------+-------------------+-------+-------------+---------------+----------+-------------+----------+-------------+----+-------------------+
| GlbID | Driver Type/Pin | Driver Region (D) | Clock | Period (ns) | Waveform (ns) | Root (R) | Slice Loads | IO Loads | Clock Loads | GT | Net               |
+-------+-----------------+-------------------+-------+-------------+---------------+----------+-------------+----------+-------------+----+-------------------+
| g1    | BUFG/O          | n/a               |       |             |               |          |          64 |        0 |           0 |  0 | digit_refclk_BUFG |
+-------+-----------------+-------------------+-------+-------------+---------------+----------+-------------+----------+-------------+----+-------------------+


+----+-----+-----+
|    | X0  | X1  |
+----+-----+-----+
| Y2 |   0 |   0 |
| Y1 |   0 |   0 |
| Y0 |  14 |  50 |
+----+-----+-----+


11. Load Cell Placement Summary for Global Clock g2
---------------------------------------------------

+-------+-----------------+-------------------+-------+-------------+---------------+----------+-------------+----------+-------------+----+-------------+
| GlbID | Driver Type/Pin | Driver Region (D) | Clock | Period (ns) | Waveform (ns) | Root (R) | Slice Loads | IO Loads | Clock Loads | GT | Net         |
+-------+-----------------+-------------------+-------+-------------+---------------+----------+-------------+----------+-------------+----+-------------+
| g2    | BUFG/O          | n/a               |       |             |               |          |         284 |        0 |           0 |  0 | ms_clk_BUFG |
+-------+-----------------+-------------------+-------+-------------+---------------+----------+-------------+----------+-------------+----+-------------+


+----+------+------+
|    | X0   | X1   |
+----+------+------+
| Y2 |    0 |    0 |
| Y1 |    0 |    0 |
| Y0 |  159 |  125 |
+----+------+------+


12. Load Cell Placement Summary for Global Clock g3
---------------------------------------------------

+-------+-----------------+-------------------+-------+-------------+---------------+----------+-------------+----------+-------------+----+------------------+
| GlbID | Driver Type/Pin | Driver Region (D) | Clock | Period (ns) | Waveform (ns) | Root (R) | Slice Loads | IO Loads | Clock Loads | GT | Net              |
+-------+-----------------+-------------------+-------+-------------+---------------+----------+-------------+----------+-------------+----+------------------+
| g3    | BUFG/O          | n/a               |       |             |               |          |          40 |        0 |           0 |  0 | seconds_clk_BUFG |
+-------+-----------------+-------------------+-------+-------------+---------------+----------+-------------+----------+-------------+----+------------------+


+----+----+-----+
|    | X0 | X1  |
+----+----+-----+
| Y2 |  0 |   0 |
| Y1 |  0 |   0 |
| Y0 |  6 |  34 |
+----+----+-----+



# Location of BUFG Primitives 
set_property LOC BUFGCTRL_X0Y3 [get_cells seconds_clk_BUFG_inst]
set_property LOC BUFGCTRL_X0Y0 [get_cells ms_clk_BUFG_inst]
set_property LOC BUFGCTRL_X0Y2 [get_cells digit_refclk_BUFG_inst]
set_property LOC BUFGCTRL_X0Y1 [get_cells clk_IBUF_BUFG_inst]

# Location of IO Primitives which is load of clock spine

# Location of clock ports
set_property LOC IOB_X1Y26 [get_ports clk]

# Clock net "seconds_clk_BUFG" driven by instance "seconds_clk_BUFG_inst" located at site "BUFGCTRL_X0Y3"
#startgroup
create_pblock {CLKAG_seconds_clk_BUFG}
add_cells_to_pblock [get_pblocks  {CLKAG_seconds_clk_BUFG}] [get_cells -filter { PRIMITIVE_GROUP != I/O && IS_PRIMITIVE==1 && PRIMITIVE_LEVEL !=INTERNAL } -of_object [get_pins -filter {DIRECTION==IN} -of_objects [get_nets -hierarchical -filter {PARENT=="seconds_clk_BUFG"}]]]
resize_pblock [get_pblocks {CLKAG_seconds_clk_BUFG}] -add {CLOCKREGION_X0Y0:CLOCKREGION_X0Y0 CLOCKREGION_X1Y0:CLOCKREGION_X1Y0}
#endgroup

# Clock net "ms_clk_BUFG" driven by instance "ms_clk_BUFG_inst" located at site "BUFGCTRL_X0Y0"
#startgroup
create_pblock {CLKAG_ms_clk_BUFG}
add_cells_to_pblock [get_pblocks  {CLKAG_ms_clk_BUFG}] [get_cells -filter { PRIMITIVE_GROUP != I/O && IS_PRIMITIVE==1 && PRIMITIVE_LEVEL !=INTERNAL } -of_object [get_pins -filter {DIRECTION==IN} -of_objects [get_nets -hierarchical -filter {PARENT=="ms_clk_BUFG"}]]]
resize_pblock [get_pblocks {CLKAG_ms_clk_BUFG}] -add {CLOCKREGION_X0Y0:CLOCKREGION_X0Y0 CLOCKREGION_X1Y0:CLOCKREGION_X1Y0}
#endgroup

# Clock net "digit_refclk_BUFG" driven by instance "digit_refclk_BUFG_inst" located at site "BUFGCTRL_X0Y2"
#startgroup
create_pblock {CLKAG_digit_refclk_BUFG}
add_cells_to_pblock [get_pblocks  {CLKAG_digit_refclk_BUFG}] [get_cells -filter { PRIMITIVE_GROUP != I/O && IS_PRIMITIVE==1 && PRIMITIVE_LEVEL !=INTERNAL } -of_object [get_pins -filter {DIRECTION==IN} -of_objects [get_nets -hierarchical -filter {PARENT=="digit_refclk_BUFG"}]]]
resize_pblock [get_pblocks {CLKAG_digit_refclk_BUFG}] -add {CLOCKREGION_X0Y0:CLOCKREGION_X0Y0 CLOCKREGION_X1Y0:CLOCKREGION_X1Y0}
#endgroup

# Clock net "clk_IBUF_BUFG" driven by instance "clk_IBUF_BUFG_inst" located at site "BUFGCTRL_X0Y1"
#startgroup
create_pblock {CLKAG_clk_IBUF_BUFG}
add_cells_to_pblock [get_pblocks  {CLKAG_clk_IBUF_BUFG}] [get_cells -filter { PRIMITIVE_GROUP != I/O && IS_PRIMITIVE==1 && PRIMITIVE_LEVEL !=INTERNAL } -of_object [get_pins -filter {DIRECTION==IN} -of_objects [get_nets -hierarchical -filter {PARENT=="clk_IBUF_BUFG"}]]]
resize_pblock [get_pblocks {CLKAG_clk_IBUF_BUFG}] -add {CLOCKREGION_X0Y0:CLOCKREGION_X0Y0 CLOCKREGION_X1Y0:CLOCKREGION_X1Y0}
#endgroup
