
*** Running vivado
    with args -log clock.vds -m64 -mode batch -messageDb vivado.pb -notrace -source clock.tcl


****** Vivado v2016.1 (64-bit)
  **** SW Build 1538259 on Fri Apr  8 15:45:27 MDT 2016
  **** IP Build 1537824 on Fri Apr  8 04:28:57 MDT 2016
    ** Copyright 1986-2016 Xilinx, Inc. All Rights Reserved.

source clock.tcl -notrace
Command: synth_design -top clock -part xc7a35tcpg236-1
Starting synth_design
Attempting to get a license for feature 'Synthesis' and/or device 'xc7a35t'
INFO: [Common 17-349] Got license for feature 'Synthesis' and/or device 'xc7a35t'
INFO: Launching helper process for spawning children vivado processes
INFO: Helper process launched with PID 11928 
---------------------------------------------------------------------------------
Starting RTL Elaboration : Time (s): cpu = 00:00:06 ; elapsed = 00:00:10 . Memory (MB): peak = 272.176 ; gain = 65.629
---------------------------------------------------------------------------------
INFO: [Synth 8-638] synthesizing module 'clock' [C:/Users/Calvin/Documents/GitHub/Wordclock2/Wordclock2.srcs/sources_1/imports/Wordclock/clock.v:23]
INFO: [Synth 8-638] synthesizing module 'secondsTimer' [C:/Users/Calvin/Documents/GitHub/Wordclock2/Wordclock2.srcs/sources_1/imports/Wordclock/divider.v:23]
	Parameter constnum bound to: 50000000 - type: integer 
INFO: [Synth 8-256] done synthesizing module 'secondsTimer' (1#1) [C:/Users/Calvin/Documents/GitHub/Wordclock2/Wordclock2.srcs/sources_1/imports/Wordclock/divider.v:23]
INFO: [Synth 8-638] synthesizing module 'mstimer' [C:/Users/Calvin/Documents/GitHub/Wordclock2/Wordclock2.srcs/sources_1/new/mstimer.v:23]
	Parameter constnum bound to: 50000 - type: integer 
INFO: [Synth 8-256] done synthesizing module 'mstimer' (2#1) [C:/Users/Calvin/Documents/GitHub/Wordclock2/Wordclock2.srcs/sources_1/new/mstimer.v:23]
INFO: [Synth 8-638] synthesizing module 'refreshTimer' [C:/Users/Calvin/Documents/GitHub/Wordclock2/Wordclock2.srcs/sources_1/imports/Wordclock/refreshTimer.v:23]
	Parameter constnum bound to: 50000 - type: integer 
INFO: [Synth 8-256] done synthesizing module 'refreshTimer' (3#1) [C:/Users/Calvin/Documents/GitHub/Wordclock2/Wordclock2.srcs/sources_1/imports/Wordclock/refreshTimer.v:23]
INFO: [Synth 8-638] synthesizing module 'debouncer' [C:/Users/Calvin/Documents/GitHub/Wordclock2/Wordclock2.srcs/sources_1/imports/Wordclock/debouncer.v:23]
INFO: [Synth 8-256] done synthesizing module 'debouncer' (4#1) [C:/Users/Calvin/Documents/GitHub/Wordclock2/Wordclock2.srcs/sources_1/imports/Wordclock/debouncer.v:23]
INFO: [Synth 8-638] synthesizing module 'counter' [C:/Users/Calvin/Documents/GitHub/Wordclock2/Wordclock2.srcs/sources_1/imports/Wordclock/counter.v:23]
	Parameter minute bound to: 8'b00111011 
	Parameter hour bound to: 8'b00111011 
	Parameter hourLim bound to: 8'b00010111 
WARNING: [Synth 8-5788] Register hr_reg in module counter is has both Set and reset with same priority. This may cause simulation mismatches. Consider rewriting code  [C:/Users/Calvin/Documents/GitHub/Wordclock2/Wordclock2.srcs/sources_1/imports/Wordclock/counter.v:82]
WARNING: [Synth 8-5788] Register min_reg in module counter is has both Set and reset with same priority. This may cause simulation mismatches. Consider rewriting code  [C:/Users/Calvin/Documents/GitHub/Wordclock2/Wordclock2.srcs/sources_1/imports/Wordclock/counter.v:83]
INFO: [Synth 8-256] done synthesizing module 'counter' (5#1) [C:/Users/Calvin/Documents/GitHub/Wordclock2/Wordclock2.srcs/sources_1/imports/Wordclock/counter.v:23]
INFO: [Synth 8-638] synthesizing module 'bcd' [C:/Users/Calvin/Documents/GitHub/Wordclock2/Wordclock2.srcs/sources_1/imports/Wordclock/bcd.v:23]
	Parameter a bound to: 8'b11111110 
	Parameter b bound to: 8'b11111101 
	Parameter c bound to: 8'b11111011 
	Parameter d bound to: 8'b11110111 
	Parameter e bound to: 8'b11101111 
	Parameter f bound to: 8'b11011111 
	Parameter g bound to: 8'b10111111 
	Parameter zero bound to: 8'b11000000 
	Parameter one bound to: 8'b11111001 
	Parameter two bound to: 8'b10100100 
	Parameter three bound to: 8'b10110000 
	Parameter four bound to: 8'b10011001 
	Parameter five bound to: 8'b10010010 
	Parameter six bound to: 8'b10000010 
	Parameter seven bound to: 8'b11111000 
	Parameter eight bound to: 8'b10000000 
	Parameter nine bound to: 8'b10010000 
	Parameter b0 bound to: 4'b0000 
	Parameter b1 bound to: 4'b0001 
	Parameter b2 bound to: 4'b0010 
	Parameter b3 bound to: 4'b0011 
	Parameter b4 bound to: 4'b0100 
	Parameter b5 bound to: 4'b0101 
	Parameter b6 bound to: 4'b0110 
	Parameter b7 bound to: 4'b0111 
	Parameter b8 bound to: 4'b1000 
	Parameter b9 bound to: 4'b1001 
INFO: [Synth 8-256] done synthesizing module 'bcd' (6#1) [C:/Users/Calvin/Documents/GitHub/Wordclock2/Wordclock2.srcs/sources_1/imports/Wordclock/bcd.v:23]
INFO: [Synth 8-638] synthesizing module 'downtime' [C:/Users/Calvin/Documents/GitHub/Wordclock2/Wordclock2.srcs/sources_1/new/downtime.v:23]
	Parameter hour bound to: 8'b00111011 
	Parameter hourLim bound to: 8'b00010111 
INFO: [Synth 8-256] done synthesizing module 'downtime' (7#1) [C:/Users/Calvin/Documents/GitHub/Wordclock2/Wordclock2.srcs/sources_1/new/downtime.v:23]
INFO: [Synth 8-638] synthesizing module 'digits' [C:/Users/Calvin/Documents/GitHub/Wordclock2/Wordclock2.srcs/sources_1/imports/Wordclock/digits.v:23]
	Parameter off bound to: 8'b11111111 
WARNING: [Synth 8-3936] Found unconnected internal register 'activenum1_reg' and it is trimmed from '8' to '7' bits. [C:/Users/Calvin/Documents/GitHub/Wordclock2/Wordclock2.srcs/sources_1/imports/Wordclock/digits.v:49]
WARNING: [Synth 8-3936] Found unconnected internal register 'activenum2_reg' and it is trimmed from '8' to '7' bits. [C:/Users/Calvin/Documents/GitHub/Wordclock2/Wordclock2.srcs/sources_1/imports/Wordclock/digits.v:50]
WARNING: [Synth 8-3936] Found unconnected internal register 'activenum3_reg' and it is trimmed from '8' to '7' bits. [C:/Users/Calvin/Documents/GitHub/Wordclock2/Wordclock2.srcs/sources_1/imports/Wordclock/digits.v:51]
WARNING: [Synth 8-3936] Found unconnected internal register 'activenum4_reg' and it is trimmed from '8' to '7' bits. [C:/Users/Calvin/Documents/GitHub/Wordclock2/Wordclock2.srcs/sources_1/imports/Wordclock/digits.v:52]
INFO: [Synth 8-256] done synthesizing module 'digits' (8#1) [C:/Users/Calvin/Documents/GitHub/Wordclock2/Wordclock2.srcs/sources_1/imports/Wordclock/digits.v:23]
INFO: [Synth 8-638] synthesizing module 'bcpin' [C:/Users/Calvin/Documents/GitHub/Wordclock2/Wordclock2.srcs/sources_1/imports/Wordclock/round.v:23]
INFO: [Synth 8-256] done synthesizing module 'bcpin' (9#1) [C:/Users/Calvin/Documents/GitHub/Wordclock2/Wordclock2.srcs/sources_1/imports/Wordclock/round.v:23]
INFO: [Synth 8-638] synthesizing module 'ledpwm' [C:/Users/Calvin/Documents/GitHub/Wordclock2/Wordclock2.srcs/sources_1/imports/Wordclock/ledpwm.v:23]
	Parameter fadecycle bound to: 3250 - type: integer 
	Parameter lightincr bound to: 50 - type: integer 
	Parameter alarmincr bound to: 10000 - type: integer 
	Parameter cycle bound to: 20 - type: integer 
	Parameter beeplength bound to: 250 - type: integer 
INFO: [Synth 8-256] done synthesizing module 'ledpwm' (10#1) [C:/Users/Calvin/Documents/GitHub/Wordclock2/Wordclock2.srcs/sources_1/imports/Wordclock/ledpwm.v:23]
INFO: [Synth 8-256] done synthesizing module 'clock' (11#1) [C:/Users/Calvin/Documents/GitHub/Wordclock2/Wordclock2.srcs/sources_1/imports/Wordclock/clock.v:23]
WARNING: [Synth 8-3331] design digits has unconnected port num1a[7]
WARNING: [Synth 8-3331] design digits has unconnected port num1b[7]
WARNING: [Synth 8-3331] design digits has unconnected port num1c[7]
WARNING: [Synth 8-3331] design digits has unconnected port num1d[7]
WARNING: [Synth 8-3331] design digits has unconnected port num2a[7]
WARNING: [Synth 8-3331] design digits has unconnected port num2b[7]
WARNING: [Synth 8-3331] design digits has unconnected port num2c[7]
WARNING: [Synth 8-3331] design digits has unconnected port num2d[7]
WARNING: [Synth 8-3331] design digits has unconnected port num3a[7]
WARNING: [Synth 8-3331] design digits has unconnected port num3b[7]
WARNING: [Synth 8-3331] design digits has unconnected port num3c[7]
WARNING: [Synth 8-3331] design digits has unconnected port num3d[7]
WARNING: [Synth 8-3331] design digits has unconnected port num4a[7]
WARNING: [Synth 8-3331] design digits has unconnected port num4b[7]
WARNING: [Synth 8-3331] design digits has unconnected port num4c[7]
WARNING: [Synth 8-3331] design digits has unconnected port num4d[7]
WARNING: [Synth 8-3331] design clock has unconnected port sw[11]
WARNING: [Synth 8-3331] design clock has unconnected port sw[10]
WARNING: [Synth 8-3331] design clock has unconnected port sw[9]
WARNING: [Synth 8-3331] design clock has unconnected port sw[8]
WARNING: [Synth 8-3331] design clock has unconnected port sw[7]
WARNING: [Synth 8-3331] design clock has unconnected port sw[6]
WARNING: [Synth 8-3331] design clock has unconnected port sw[5]
WARNING: [Synth 8-3331] design clock has unconnected port sw[4]
---------------------------------------------------------------------------------
Finished RTL Elaboration : Time (s): cpu = 00:00:08 ; elapsed = 00:00:11 . Memory (MB): peak = 311.203 ; gain = 104.656
---------------------------------------------------------------------------------

Report Check Netlist: 
+------+------------------+-------+---------+-------+------------------+
|      |Item              |Errors |Warnings |Status |Description       |
+------+------------------+-------+---------+-------+------------------+
|1     |multi_driven_nets |      0|        0|Passed |Multi driven nets |
+------+------------------+-------+---------+-------+------------------+
---------------------------------------------------------------------------------
Finished RTL Optimization Phase 1 : Time (s): cpu = 00:00:08 ; elapsed = 00:00:12 . Memory (MB): peak = 311.203 ; gain = 104.656
---------------------------------------------------------------------------------
INFO: [Device 21-403] Loading part xc7a35tcpg236-1
INFO: [Project 1-570] Preparing netlist for logic optimization

Processing XDC Constraints
Initializing timing engine
Parsing XDC File [C:/Users/Calvin/Documents/GitHub/Wordclock2/Wordclock2.srcs/constrs_1/imports/Constraints/Basys3_Master.xdc]
Finished Parsing XDC File [C:/Users/Calvin/Documents/GitHub/Wordclock2/Wordclock2.srcs/constrs_1/imports/Constraints/Basys3_Master.xdc]
INFO: [Project 1-236] Implementation specific constraints were found while reading constraint file [C:/Users/Calvin/Documents/GitHub/Wordclock2/Wordclock2.srcs/constrs_1/imports/Constraints/Basys3_Master.xdc]. These constraints will be ignored for synthesis but will be used in implementation. Impacted constraints are listed in the file [.Xil/clock_propImpl.xdc].
Resolution: To avoid this warning, move constraints listed in [.Xil/clock_propImpl.xdc] to another XDC file and exclude this new file from synthesis with the used_in_synthesis property (File Properties dialog in GUI) and re-run elaboration/synthesis.
Completed Processing XDC Constraints

INFO: [Project 1-111] Unisim Transformation Summary:
No Unisim elements were transformed.

Constraint Validation Runtime : Time (s): cpu = 00:00:00 ; elapsed = 00:00:00.007 . Memory (MB): peak = 608.988 ; gain = 0.000
---------------------------------------------------------------------------------
Finished Constraint Validation : Time (s): cpu = 00:00:21 ; elapsed = 00:00:25 . Memory (MB): peak = 608.988 ; gain = 402.441
---------------------------------------------------------------------------------
---------------------------------------------------------------------------------
Start Loading Part and Timing Information
---------------------------------------------------------------------------------
Loading part: xc7a35tcpg236-1
---------------------------------------------------------------------------------
Finished Loading Part and Timing Information : Time (s): cpu = 00:00:21 ; elapsed = 00:00:25 . Memory (MB): peak = 608.988 ; gain = 402.441
---------------------------------------------------------------------------------
---------------------------------------------------------------------------------
Start Applying 'set_property' XDC Constraints
---------------------------------------------------------------------------------
---------------------------------------------------------------------------------
Finished applying 'set_property' XDC Constraints : Time (s): cpu = 00:00:21 ; elapsed = 00:00:25 . Memory (MB): peak = 608.988 ; gain = 402.441
---------------------------------------------------------------------------------
INFO: [Synth 8-5545] ROM "count" won't be mapped to RAM because address size (32) is larger than maximum supported(25)
INFO: [Synth 8-5545] ROM "clk_div" won't be mapped to RAM because address size (32) is larger than maximum supported(25)
INFO: [Synth 8-5545] ROM "count" won't be mapped to RAM because address size (32) is larger than maximum supported(25)
INFO: [Synth 8-5545] ROM "freq" won't be mapped to RAM because address size (32) is larger than maximum supported(25)
INFO: [Synth 8-5545] ROM "count" won't be mapped to RAM because address size (32) is larger than maximum supported(25)
INFO: [Synth 8-5545] ROM "freq" won't be mapped to RAM because address size (32) is larger than maximum supported(25)
INFO: [Synth 8-5818] HDL ADVISOR - The operator resource <adder> is shared. To prevent sharing consider applying a KEEP on the output of the operator [C:/Users/Calvin/Documents/GitHub/Wordclock2/Wordclock2.srcs/sources_1/imports/Wordclock/counter.v:54]
INFO: [Synth 8-5818] HDL ADVISOR - The operator resource <adder> is shared. To prevent sharing consider applying a KEEP on the output of the operator [C:/Users/Calvin/Documents/GitHub/Wordclock2/Wordclock2.srcs/sources_1/imports/Wordclock/counter.v:66]
INFO: [Synth 8-5546] ROM "hr" won't be mapped to RAM because it is too sparse
INFO: [Synth 8-5546] ROM "min" won't be mapped to RAM because it is too sparse
INFO: [Synth 8-5818] HDL ADVISOR - The operator resource <adder> is shared. To prevent sharing consider applying a KEEP on the output of the operator [C:/Users/Calvin/Documents/GitHub/Wordclock2/Wordclock2.srcs/sources_1/new/downtime.v:71]
INFO: [Synth 8-5818] HDL ADVISOR - The operator resource <adder> is shared. To prevent sharing consider applying a KEEP on the output of the operator [C:/Users/Calvin/Documents/GitHub/Wordclock2/Wordclock2.srcs/sources_1/new/downtime.v:107]
INFO: [Synth 8-5818] HDL ADVISOR - The operator resource <adder> is shared. To prevent sharing consider applying a KEEP on the output of the operator [C:/Users/Calvin/Documents/GitHub/Wordclock2/Wordclock2.srcs/sources_1/new/downtime.v:82]
INFO: [Synth 8-5818] HDL ADVISOR - The operator resource <adder> is shared. To prevent sharing consider applying a KEEP on the output of the operator [C:/Users/Calvin/Documents/GitHub/Wordclock2/Wordclock2.srcs/sources_1/new/downtime.v:118]
INFO: [Synth 8-5818] HDL ADVISOR - The operator resource <adder> is shared. To prevent sharing consider applying a KEEP on the output of the operator [C:/Users/Calvin/Documents/GitHub/Wordclock2/Wordclock2.srcs/sources_1/new/downtime.v:93]
INFO: [Synth 8-5818] HDL ADVISOR - The operator resource <adder> is shared. To prevent sharing consider applying a KEEP on the output of the operator [C:/Users/Calvin/Documents/GitHub/Wordclock2/Wordclock2.srcs/sources_1/new/downtime.v:129]
INFO: [Synth 8-802] inferred FSM for state register 'state_reg' in module 'digits'
INFO: [Synth 8-5544] ROM "dp" won't be mapped to Block RAM because address size (4) smaller than threshold (5)
INFO: [Synth 8-5544] ROM "segm" won't be mapped to Block RAM because address size (4) smaller than threshold (5)
INFO: [Synth 8-5544] ROM "anm" won't be mapped to Block RAM because address size (4) smaller than threshold (5)
INFO: [Synth 8-5544] ROM "state" won't be mapped to Block RAM because address size (4) smaller than threshold (5)
INFO: [Synth 8-5818] HDL ADVISOR - The operator resource <adder> is shared. To prevent sharing consider applying a KEEP on the output of the operator [C:/Users/Calvin/Documents/GitHub/Wordclock2/Wordclock2.srcs/sources_1/imports/Wordclock/round.v:79]
INFO: [Synth 8-5545] ROM "JB" won't be mapped to RAM because address size (32) is larger than maximum supported(25)
INFO: [Synth 8-5545] ROM "JB" won't be mapped to RAM because address size (32) is larger than maximum supported(25)
INFO: [Synth 8-5544] ROM "JA" won't be mapped to Block RAM because address size (1) smaller than threshold (5)
INFO: [Synth 8-5544] ROM "JC" won't be mapped to Block RAM because address size (1) smaller than threshold (5)
INFO: [Synth 8-5818] HDL ADVISOR - The operator resource <adder> is shared. To prevent sharing consider applying a KEEP on the output of the operator [C:/Users/Calvin/Documents/GitHub/Wordclock2/Wordclock2.srcs/sources_1/imports/Wordclock/ledpwm.v:196]
INFO: [Synth 8-5818] HDL ADVISOR - The operator resource <adder> is shared. To prevent sharing consider applying a KEEP on the output of the operator [C:/Users/Calvin/Documents/GitHub/Wordclock2/Wordclock2.srcs/sources_1/imports/Wordclock/ledpwm.v:144]
INFO: [Synth 8-5818] HDL ADVISOR - The operator resource <adder> is shared. To prevent sharing consider applying a KEEP on the output of the operator [C:/Users/Calvin/Documents/GitHub/Wordclock2/Wordclock2.srcs/sources_1/imports/Wordclock/ledpwm.v:133]
INFO: [Synth 8-5818] HDL ADVISOR - The operator resource <adder> is shared. To prevent sharing consider applying a KEEP on the output of the operator [C:/Users/Calvin/Documents/GitHub/Wordclock2/Wordclock2.srcs/sources_1/imports/Wordclock/ledpwm.v:214]
INFO: [Synth 8-5818] HDL ADVISOR - The operator resource <adder> is shared. To prevent sharing consider applying a KEEP on the output of the operator [C:/Users/Calvin/Documents/GitHub/Wordclock2/Wordclock2.srcs/sources_1/imports/Wordclock/ledpwm.v:205]
INFO: [Synth 8-5545] ROM "alarmincrwidth" won't be mapped to RAM because address size (32) is larger than maximum supported(25)
INFO: [Synth 8-5545] ROM "fcnt1" won't be mapped to RAM because address size (32) is larger than maximum supported(25)
INFO: [Synth 8-5545] ROM "icnt1" won't be mapped to RAM because address size (32) is larger than maximum supported(25)
INFO: [Synth 8-5545] ROM "fcnt2" won't be mapped to RAM because address size (32) is larger than maximum supported(25)
INFO: [Synth 8-5545] ROM "icnt2" won't be mapped to RAM because address size (32) is larger than maximum supported(25)
INFO: [Synth 8-5545] ROM "fcnt3" won't be mapped to RAM because address size (32) is larger than maximum supported(25)
INFO: [Synth 8-5545] ROM "icnt3" won't be mapped to RAM because address size (32) is larger than maximum supported(25)
INFO: [Synth 8-5546] ROM "bsets" won't be mapped to RAM because it is too sparse
INFO: [Synth 8-5546] ROM "bsets" won't be mapped to RAM because it is too sparse
INFO: [Synth 8-5546] ROM "bsets" won't be mapped to RAM because it is too sparse
INFO: [Synth 8-5544] ROM "adsets" won't be mapped to Block RAM because address size (3) smaller than threshold (5)
---------------------------------------------------------------------------------------------------
                   State |                     New Encoding |                Previous Encoding 
---------------------------------------------------------------------------------------------------
                  iSTATE |                             0000 |                             0000
                 iSTATE0 |                             0001 |                             0001
                 iSTATE1 |                             0010 |                             0010
                 iSTATE2 |                             0011 |                             0011
                 iSTATE3 |                             0100 |                             0100
                 iSTATE4 |                             0101 |                             0101
                 iSTATE5 |                             0110 |                             0110
                 iSTATE6 |                             0111 |                             0111
                 iSTATE7 |                             1000 |                             1000
                 iSTATE8 |                             1001 |                             1001
                 iSTATE9 |                             1010 |                             1010
                iSTATE10 |                             1011 |                             1011
---------------------------------------------------------------------------------------------------
INFO: [Synth 8-3354] encoded FSM with state register 'state_reg' using encoding 'sequential' in module 'digits'
---------------------------------------------------------------------------------
Finished RTL Optimization Phase 2 : Time (s): cpu = 00:00:24 ; elapsed = 00:00:29 . Memory (MB): peak = 608.988 ; gain = 402.441
---------------------------------------------------------------------------------

Report RTL Partitions: 
+-+--------------+------------+----------+
| |RTL Partition |Replication |Instances |
+-+--------------+------------+----------+
+-+--------------+------------+----------+
---------------------------------------------------------------------------------
Start RTL Component Statistics 
---------------------------------------------------------------------------------
Detailed RTL Component Info : 
+---Adders : 
	   2 Input     32 Bit       Adders := 14    
	   2 Input     17 Bit       Adders := 1     
	   2 Input      8 Bit       Adders := 20    
	   2 Input      4 Bit       Adders := 95    
+---Registers : 
	               32 Bit    Registers := 10    
	               16 Bit    Registers := 5     
	                8 Bit    Registers := 27    
	                7 Bit    Registers := 5     
	                4 Bit    Registers := 1     
	                1 Bit    Registers := 16    
+---Muxes : 
	   2 Input     32 Bit        Muxes := 17    
	   7 Input     16 Bit        Muxes := 1     
	   2 Input     16 Bit        Muxes := 2     
	   4 Input      8 Bit        Muxes := 1     
	   2 Input      8 Bit        Muxes := 28    
	   5 Input      8 Bit        Muxes := 2     
	  11 Input      8 Bit        Muxes := 16    
	   6 Input      8 Bit        Muxes := 2     
	   7 Input      8 Bit        Muxes := 3     
	  21 Input      8 Bit        Muxes := 3     
	   2 Input      7 Bit        Muxes := 13    
	  12 Input      7 Bit        Muxes := 1     
	   4 Input      6 Bit        Muxes := 2     
	   5 Input      6 Bit        Muxes := 2     
	   6 Input      6 Bit        Muxes := 1     
	   2 Input      6 Bit        Muxes := 7     
	   3 Input      5 Bit        Muxes := 1     
	   4 Input      5 Bit        Muxes := 2     
	   5 Input      5 Bit        Muxes := 1     
	   2 Input      5 Bit        Muxes := 2     
	   6 Input      5 Bit        Muxes := 1     
	   2 Input      4 Bit        Muxes := 61    
	  12 Input      4 Bit        Muxes := 2     
	   2 Input      2 Bit        Muxes := 10    
	   2 Input      1 Bit        Muxes := 19    
	  12 Input      1 Bit        Muxes := 4     
	   5 Input      1 Bit        Muxes := 1     
	   3 Input      1 Bit        Muxes := 1     
---------------------------------------------------------------------------------
Finished RTL Component Statistics 
---------------------------------------------------------------------------------
---------------------------------------------------------------------------------
Start RTL Hierarchical Component Statistics 
---------------------------------------------------------------------------------
Hierarchical RTL Component report 
Module secondsTimer 
Detailed RTL Component Info : 
+---Adders : 
	   2 Input     32 Bit       Adders := 1     
+---Registers : 
	               32 Bit    Registers := 1     
	                1 Bit    Registers := 1     
+---Muxes : 
	   2 Input     32 Bit        Muxes := 1     
	   2 Input      1 Bit        Muxes := 1     
Module mstimer 
Detailed RTL Component Info : 
+---Adders : 
	   2 Input     32 Bit       Adders := 1     
+---Registers : 
	               32 Bit    Registers := 1     
	                1 Bit    Registers := 1     
+---Muxes : 
	   2 Input     32 Bit        Muxes := 1     
	   2 Input      1 Bit        Muxes := 1     
Module refreshTimer 
Detailed RTL Component Info : 
+---Adders : 
	   2 Input     32 Bit       Adders := 1     
+---Registers : 
	               32 Bit    Registers := 1     
	                1 Bit    Registers := 1     
+---Muxes : 
	   2 Input     32 Bit        Muxes := 1     
	   2 Input      1 Bit        Muxes := 1     
Module debouncer 
Detailed RTL Component Info : 
+---Registers : 
	               16 Bit    Registers := 1     
	                1 Bit    Registers := 1     
Module counter 
Detailed RTL Component Info : 
+---Adders : 
	   2 Input      8 Bit       Adders := 5     
+---Registers : 
	                8 Bit    Registers := 5     
	                1 Bit    Registers := 2     
+---Muxes : 
	   4 Input      8 Bit        Muxes := 1     
	   2 Input      8 Bit        Muxes := 9     
	   5 Input      8 Bit        Muxes := 1     
	   4 Input      6 Bit        Muxes := 1     
	   3 Input      5 Bit        Muxes := 1     
	   2 Input      1 Bit        Muxes := 5     
Module bcd 
Detailed RTL Component Info : 
+---Adders : 
	   2 Input      4 Bit       Adders := 22    
+---Muxes : 
	  11 Input      8 Bit        Muxes := 4     
	   2 Input      4 Bit        Muxes := 14    
Module downtime 
Detailed RTL Component Info : 
+---Adders : 
	   2 Input      8 Bit       Adders := 6     
+---Registers : 
	                8 Bit    Registers := 6     
	                1 Bit    Registers := 4     
+---Muxes : 
	   5 Input      8 Bit        Muxes := 1     
	   6 Input      8 Bit        Muxes := 2     
	   7 Input      8 Bit        Muxes := 3     
	   2 Input      8 Bit        Muxes := 1     
	   5 Input      6 Bit        Muxes := 1     
	   6 Input      6 Bit        Muxes := 1     
	   2 Input      6 Bit        Muxes := 3     
	   4 Input      6 Bit        Muxes := 1     
	   4 Input      5 Bit        Muxes := 2     
	   5 Input      5 Bit        Muxes := 1     
	   2 Input      5 Bit        Muxes := 2     
	   2 Input      1 Bit        Muxes := 1     
Module digits 
Detailed RTL Component Info : 
+---Registers : 
	                7 Bit    Registers := 5     
	                4 Bit    Registers := 1     
	                1 Bit    Registers := 1     
+---Muxes : 
	   2 Input      7 Bit        Muxes := 12    
	  12 Input      7 Bit        Muxes := 1     
	  12 Input      4 Bit        Muxes := 2     
	  12 Input      1 Bit        Muxes := 4     
Module bcpin 
Detailed RTL Component Info : 
+---Adders : 
	   2 Input     32 Bit       Adders := 4     
	   2 Input      4 Bit       Adders := 7     
+---Registers : 
	                8 Bit    Registers := 3     
+---Muxes : 
	   2 Input     32 Bit        Muxes := 7     
	   2 Input      8 Bit        Muxes := 1     
	   2 Input      7 Bit        Muxes := 1     
	   5 Input      6 Bit        Muxes := 1     
	   2 Input      6 Bit        Muxes := 4     
	   6 Input      5 Bit        Muxes := 1     
	   2 Input      4 Bit        Muxes := 5     
	   2 Input      2 Bit        Muxes := 2     
	   5 Input      1 Bit        Muxes := 1     
Module ledpwm 
Detailed RTL Component Info : 
+---Adders : 
	   2 Input     32 Bit       Adders := 7     
	   2 Input     17 Bit       Adders := 1     
	   2 Input      8 Bit       Adders := 9     
+---Registers : 
	               32 Bit    Registers := 7     
	               16 Bit    Registers := 1     
	                8 Bit    Registers := 13    
	                1 Bit    Registers := 2     
+---Muxes : 
	   2 Input     32 Bit        Muxes := 7     
	   7 Input     16 Bit        Muxes := 1     
	   2 Input     16 Bit        Muxes := 2     
	  21 Input      8 Bit        Muxes := 3     
	   2 Input      8 Bit        Muxes := 17    
	   2 Input      2 Bit        Muxes := 8     
	   3 Input      1 Bit        Muxes := 1     
	   2 Input      1 Bit        Muxes := 10    
---------------------------------------------------------------------------------
Finished RTL Hierarchical Component Statistics
---------------------------------------------------------------------------------
---------------------------------------------------------------------------------
Start Part Resource Summary
---------------------------------------------------------------------------------
Part Resources:
DSPs: 90 (col length:60)
BRAMs: 100 (col length: RAMB18 60 RAMB36 30)
---------------------------------------------------------------------------------
Finished Part Resource Summary
---------------------------------------------------------------------------------
Start Parallel Synthesis Optimization  : Time (s): cpu = 00:00:25 ; elapsed = 00:00:29 . Memory (MB): peak = 608.988 ; gain = 402.441
---------------------------------------------------------------------------------
Start Cross Boundary Optimization
---------------------------------------------------------------------------------
INFO: [Synth 8-5546] ROM "min" won't be mapped to RAM because it is too sparse
INFO: [Synth 8-5546] ROM "hr" won't be mapped to RAM because it is too sparse
INFO: [Synth 8-5545] ROM "alarmincrwidth" won't be mapped to RAM because address size (32) is larger than maximum supported(25)
INFO: [Synth 8-5545] ROM "fcnt1" won't be mapped to RAM because address size (32) is larger than maximum supported(25)
INFO: [Synth 8-5545] ROM "icnt1" won't be mapped to RAM because address size (32) is larger than maximum supported(25)
INFO: [Synth 8-5545] ROM "fcnt3" won't be mapped to RAM because address size (32) is larger than maximum supported(25)
INFO: [Synth 8-5545] ROM "icnt3" won't be mapped to RAM because address size (32) is larger than maximum supported(25)
INFO: [Synth 8-5545] ROM "fcnt2" won't be mapped to RAM because address size (32) is larger than maximum supported(25)
INFO: [Synth 8-5545] ROM "icnt2" won't be mapped to RAM because address size (32) is larger than maximum supported(25)
INFO: [Synth 8-5545] ROM "secTimer/count" won't be mapped to RAM because address size (32) is larger than maximum supported(25)
INFO: [Synth 8-5545] ROM "secTimer/clk_div" won't be mapped to RAM because address size (32) is larger than maximum supported(25)
INFO: [Synth 8-5545] ROM "msTimer/count" won't be mapped to RAM because address size (32) is larger than maximum supported(25)
INFO: [Synth 8-5545] ROM "msTimer/freq" won't be mapped to RAM because address size (32) is larger than maximum supported(25)
INFO: [Synth 8-5545] ROM "refTimer/count" won't be mapped to RAM because address size (32) is larger than maximum supported(25)
INFO: [Synth 8-5545] ROM "refTimer/freq" won't be mapped to RAM because address size (32) is larger than maximum supported(25)
WARNING: [Synth 8-3331] design digits has unconnected port num1a[7]
WARNING: [Synth 8-3331] design digits has unconnected port num1b[7]
WARNING: [Synth 8-3331] design digits has unconnected port num1c[7]
WARNING: [Synth 8-3331] design digits has unconnected port num1d[7]
WARNING: [Synth 8-3331] design digits has unconnected port num2a[7]
WARNING: [Synth 8-3331] design digits has unconnected port num2b[7]
WARNING: [Synth 8-3331] design digits has unconnected port num2c[7]
WARNING: [Synth 8-3331] design digits has unconnected port num2d[7]
WARNING: [Synth 8-3331] design digits has unconnected port num3a[7]
WARNING: [Synth 8-3331] design digits has unconnected port num3b[7]
WARNING: [Synth 8-3331] design digits has unconnected port num3c[7]
WARNING: [Synth 8-3331] design digits has unconnected port num3d[7]
WARNING: [Synth 8-3331] design digits has unconnected port num4a[7]
WARNING: [Synth 8-3331] design digits has unconnected port num4b[7]
WARNING: [Synth 8-3331] design digits has unconnected port num4c[7]
WARNING: [Synth 8-3331] design digits has unconnected port num4d[7]
WARNING: [Synth 8-3331] design clock has unconnected port sw[11]
WARNING: [Synth 8-3331] design clock has unconnected port sw[10]
WARNING: [Synth 8-3331] design clock has unconnected port sw[9]
WARNING: [Synth 8-3331] design clock has unconnected port sw[8]
WARNING: [Synth 8-3331] design clock has unconnected port sw[7]
WARNING: [Synth 8-3331] design clock has unconnected port sw[6]
WARNING: [Synth 8-3331] design clock has unconnected port sw[5]
WARNING: [Synth 8-3331] design clock has unconnected port sw[4]
---------------------------------------------------------------------------------
Finished Cross Boundary Optimization : Time (s): cpu = 00:00:28 ; elapsed = 00:00:33 . Memory (MB): peak = 608.988 ; gain = 402.441
---------------------------------------------------------------------------------
Finished Parallel Reinference  : Time (s): cpu = 00:00:28 ; elapsed = 00:00:33 . Memory (MB): peak = 608.988 ; gain = 402.441

Report RTL Partitions: 
+-+--------------+------------+----------+
| |RTL Partition |Replication |Instances |
+-+--------------+------------+----------+
+-+--------------+------------+----------+
---------------------------------------------------------------------------------
Start Area Optimization
---------------------------------------------------------------------------------
INFO: [Synth 8-3333] propagating constant 1 across sequential element (bin2pin/\JA_reg[0] )
INFO: [Synth 8-3886] merging instance 'bin2pin/JA_reg[6]' (FDR) to 'bin2pin/JA_reg[7]'
INFO: [Synth 8-3333] propagating constant 0 across sequential element (bin2pin/\JA_reg[7] )
INFO: [Synth 8-3333] propagating constant 0 across sequential element (ledpwm/\JB_reg[7] )
INFO: [Synth 8-3886] merging instance 'ledpwm/led_reg[10]' (FDRE) to 'ledpwm/led_reg[14]'
INFO: [Synth 8-3886] merging instance 'ledpwm/led_reg[11]' (FDRE) to 'ledpwm/led_reg[14]'
INFO: [Synth 8-3886] merging instance 'ledpwm/led_reg[12]' (FDRE) to 'ledpwm/led_reg[14]'
INFO: [Synth 8-3886] merging instance 'ledpwm/led_reg[13]' (FDRE) to 'ledpwm/led_reg[14]'
INFO: [Synth 8-3333] propagating constant 0 across sequential element (ledpwm/\led_reg[15] )
INFO: [Synth 8-3886] merging instance 'ledpwm/JB_reg[7]' (FD) to 'ledpwm/JA_reg[6]'
INFO: [Synth 8-3333] propagating constant 0 across sequential element (ledpwm/\JA_reg[6] )
WARNING: [Synth 8-3332] Sequential element (JA_reg[7]) is unused and will be removed from module bcpin.
WARNING: [Synth 8-3332] Sequential element (JA_reg[6]) is unused and will be removed from module bcpin.
WARNING: [Synth 8-3332] Sequential element (JA_reg[0]) is unused and will be removed from module bcpin.
WARNING: [Synth 8-3332] Sequential element (led_reg[15]) is unused and will be removed from module ledpwm.
WARNING: [Synth 8-3332] Sequential element (led_reg[13]) is unused and will be removed from module ledpwm.
WARNING: [Synth 8-3332] Sequential element (led_reg[12]) is unused and will be removed from module ledpwm.
WARNING: [Synth 8-3332] Sequential element (led_reg[11]) is unused and will be removed from module ledpwm.
WARNING: [Synth 8-3332] Sequential element (led_reg[10]) is unused and will be removed from module ledpwm.
WARNING: [Synth 8-3332] Sequential element (i1_reg[7]) is unused and will be removed from module ledpwm.
WARNING: [Synth 8-3332] Sequential element (i1_reg[6]) is unused and will be removed from module ledpwm.
WARNING: [Synth 8-3332] Sequential element (i1_reg[5]) is unused and will be removed from module ledpwm.
WARNING: [Synth 8-3332] Sequential element (i3_reg[7]) is unused and will be removed from module ledpwm.
WARNING: [Synth 8-3332] Sequential element (i3_reg[6]) is unused and will be removed from module ledpwm.
WARNING: [Synth 8-3332] Sequential element (i3_reg[5]) is unused and will be removed from module ledpwm.
WARNING: [Synth 8-3332] Sequential element (i2_reg[7]) is unused and will be removed from module ledpwm.
WARNING: [Synth 8-3332] Sequential element (i2_reg[6]) is unused and will be removed from module ledpwm.
WARNING: [Synth 8-3332] Sequential element (i2_reg[5]) is unused and will be removed from module ledpwm.
WARNING: [Synth 8-3332] Sequential element (JA_reg[6]) is unused and will be removed from module ledpwm.
WARNING: [Synth 8-3332] Sequential element (JB_reg[7]) is unused and will be removed from module ledpwm.
---------------------------------------------------------------------------------
Finished Area Optimization : Time (s): cpu = 00:00:39 ; elapsed = 00:00:44 . Memory (MB): peak = 608.988 ; gain = 402.441
---------------------------------------------------------------------------------
Finished Parallel Area Optimization  : Time (s): cpu = 00:00:39 ; elapsed = 00:00:44 . Memory (MB): peak = 608.988 ; gain = 402.441

Report RTL Partitions: 
+-+--------------+------------+----------+
| |RTL Partition |Replication |Instances |
+-+--------------+------------+----------+
+-+--------------+------------+----------+
---------------------------------------------------------------------------------
Start Timing Optimization
---------------------------------------------------------------------------------
---------------------------------------------------------------------------------
Start Applying XDC Timing Constraints
---------------------------------------------------------------------------------
---------------------------------------------------------------------------------
Finished Applying XDC Timing Constraints : Time (s): cpu = 00:00:52 ; elapsed = 00:00:58 . Memory (MB): peak = 608.988 ; gain = 402.441
---------------------------------------------------------------------------------
---------------------------------------------------------------------------------
Finished Timing Optimization : Time (s): cpu = 00:00:55 ; elapsed = 00:01:00 . Memory (MB): peak = 628.195 ; gain = 421.648
---------------------------------------------------------------------------------

Report RTL Partitions: 
+-+--------------+------------+----------+
| |RTL Partition |Replication |Instances |
+-+--------------+------------+----------+
+-+--------------+------------+----------+
---------------------------------------------------------------------------------
Start Technology Mapping
---------------------------------------------------------------------------------
---------------------------------------------------------------------------------
Finished Technology Mapping : Time (s): cpu = 00:00:57 ; elapsed = 00:01:02 . Memory (MB): peak = 675.660 ; gain = 469.113
---------------------------------------------------------------------------------
Finished Parallel Technology Mapping Optimization  : Time (s): cpu = 00:00:57 ; elapsed = 00:01:02 . Memory (MB): peak = 675.660 ; gain = 469.113

Report RTL Partitions: 
+-+--------------+------------+----------+
| |RTL Partition |Replication |Instances |
+-+--------------+------------+----------+
+-+--------------+------------+----------+
Finished Parallel Synthesis Optimization  : Time (s): cpu = 00:00:57 ; elapsed = 00:01:02 . Memory (MB): peak = 675.660 ; gain = 469.113
---------------------------------------------------------------------------------
Start IO Insertion
---------------------------------------------------------------------------------
---------------------------------------------------------------------------------
Start Flattening Before IO Insertion
---------------------------------------------------------------------------------
---------------------------------------------------------------------------------
Finished Flattening Before IO Insertion
---------------------------------------------------------------------------------
---------------------------------------------------------------------------------
Start Final Netlist Cleanup
---------------------------------------------------------------------------------
---------------------------------------------------------------------------------
Finished Final Netlist Cleanup
---------------------------------------------------------------------------------
---------------------------------------------------------------------------------
Finished IO Insertion : Time (s): cpu = 00:00:58 ; elapsed = 00:01:03 . Memory (MB): peak = 675.660 ; gain = 469.113
---------------------------------------------------------------------------------

Report Check Netlist: 
+------+------------------+-------+---------+-------+------------------+
|      |Item              |Errors |Warnings |Status |Description       |
+------+------------------+-------+---------+-------+------------------+
|1     |multi_driven_nets |      0|        0|Passed |Multi driven nets |
+------+------------------+-------+---------+-------+------------------+
---------------------------------------------------------------------------------
Start Renaming Generated Instances
---------------------------------------------------------------------------------
---------------------------------------------------------------------------------
Finished Renaming Generated Instances : Time (s): cpu = 00:00:58 ; elapsed = 00:01:03 . Memory (MB): peak = 675.660 ; gain = 469.113
---------------------------------------------------------------------------------

Report RTL Partitions: 
+-+--------------+------------+----------+
| |RTL Partition |Replication |Instances |
+-+--------------+------------+----------+
+-+--------------+------------+----------+
---------------------------------------------------------------------------------
Start Rebuilding User Hierarchy
---------------------------------------------------------------------------------
---------------------------------------------------------------------------------
Finished Rebuilding User Hierarchy : Time (s): cpu = 00:00:58 ; elapsed = 00:01:03 . Memory (MB): peak = 675.660 ; gain = 469.113
---------------------------------------------------------------------------------
---------------------------------------------------------------------------------
Start Renaming Generated Ports
---------------------------------------------------------------------------------
---------------------------------------------------------------------------------
Finished Renaming Generated Ports : Time (s): cpu = 00:00:58 ; elapsed = 00:01:03 . Memory (MB): peak = 675.660 ; gain = 469.113
---------------------------------------------------------------------------------
---------------------------------------------------------------------------------
Start Handling Custom Attributes
---------------------------------------------------------------------------------
---------------------------------------------------------------------------------
Finished Handling Custom Attributes : Time (s): cpu = 00:00:58 ; elapsed = 00:01:04 . Memory (MB): peak = 675.660 ; gain = 469.113
---------------------------------------------------------------------------------
---------------------------------------------------------------------------------
Start Renaming Generated Nets
---------------------------------------------------------------------------------
---------------------------------------------------------------------------------
Finished Renaming Generated Nets : Time (s): cpu = 00:00:58 ; elapsed = 00:01:04 . Memory (MB): peak = 675.660 ; gain = 469.113
---------------------------------------------------------------------------------
---------------------------------------------------------------------------------
Start Writing Synthesis Report
---------------------------------------------------------------------------------

Report BlackBoxes: 
+-+--------------+----------+
| |BlackBox name |Instances |
+-+--------------+----------+
+-+--------------+----------+

Report Cell Usage: 
+------+-------+------+
|      |Cell   |Count |
+------+-------+------+
|1     |BUFG   |     4|
|2     |CARRY4 |   169|
|3     |LUT1   |   395|
|4     |LUT2   |   179|
|5     |LUT3   |    79|
|6     |LUT4   |   179|
|7     |LUT5   |   278|
|8     |LUT6   |   487|
|9     |MUXF7  |     7|
|10    |FDCE   |    57|
|11    |FDPE   |    16|
|12    |FDRE   |   648|
|13    |FDSE   |     4|
|14    |LDC    |    16|
|15    |IBUF   |    14|
|16    |OBUF   |    52|
+------+-------+------+

Report Instance Areas: 
+------+--------------+-------------+------+
|      |Instance      |Module       |Cells |
+------+--------------+-------------+------+
|1     |top           |             |  2584|
|2     |  bin2pin     |bcpin        |    45|
|3     |  dbbtnD      |debouncer    |    24|
|4     |  dbbtnL      |debouncer_0  |    29|
|5     |  dbbtnR      |debouncer_1  |    26|
|6     |  dbbtnU      |debouncer_2  |    26|
|7     |  downtimer   |downtime     |   353|
|8     |  ledpwm      |ledpwm       |  1059|
|9     |  msTimer     |mstimer      |    83|
|10    |  refTimer    |refreshTimer |    83|
|11    |  secTimer    |secondsTimer |   113|
|12    |  sevenSeg    |digits       |    78|
|13    |  timeCounter |counter      |   594|
+------+--------------+-------------+------+
---------------------------------------------------------------------------------
Finished Writing Synthesis Report : Time (s): cpu = 00:00:58 ; elapsed = 00:01:04 . Memory (MB): peak = 675.660 ; gain = 469.113
---------------------------------------------------------------------------------
Synthesis finished with 0 errors, 0 critical warnings and 43 warnings.
Synthesis Optimization Runtime : Time (s): cpu = 00:00:42 ; elapsed = 00:00:50 . Memory (MB): peak = 675.660 ; gain = 171.328
Synthesis Optimization Complete : Time (s): cpu = 00:00:58 ; elapsed = 00:01:04 . Memory (MB): peak = 675.660 ; gain = 469.113
INFO: [Project 1-571] Translating synthesized netlist
INFO: [Netlist 29-17] Analyzing 199 Unisim elements for replacement
INFO: [Netlist 29-28] Unisim Transformation completed in 0 CPU seconds
INFO: [Project 1-570] Preparing netlist for logic optimization
INFO: [Opt 31-138] Pushed 0 inverter(s) to 0 load pin(s).
INFO: [Project 1-111] Unisim Transformation Summary:
  A total of 16 instances were transformed.
  LDC => LDCE: 16 instances

INFO: [Common 17-83] Releasing license: Synthesis
103 Infos, 73 Warnings, 0 Critical Warnings and 0 Errors encountered.
synth_design completed successfully
synth_design: Time (s): cpu = 00:00:58 ; elapsed = 00:01:01 . Memory (MB): peak = 675.660 ; gain = 469.113
report_utilization: Time (s): cpu = 00:00:00 ; elapsed = 00:00:00.033 . Memory (MB): peak = 675.660 ; gain = 0.000
INFO: [Common 17-206] Exiting Vivado at Wed Jun 08 16:59:45 2016...
